<?xml version="1.0" encoding="UTF-8"?>
<!-- Generated by org.testng.reporters.JUnitReportReporter -->
<testsuite skipped="0" hostname="INL-7TVF2G2" name="com.qa.test.TestClass" tests="2" failures="0" timestamp="25 Sep 2019 14:12:42 GMT" time="47.299" errors="0">
  <testcase name="test" time="14.644" classname="com.qa.test.TestClass"/>
  <testcase name="test2" time="32.655" classname="com.qa.test.TestClass"/>
</testsuite> <!-- com.qa.test.TestClass -->
